<?xml version="1.0" encoding="UTF-8"?>
<testsuite name="com.studentapp.junit.studentsidinfo.FirstSerenityTest" tests="7" skipped="3" failures="3" errors="0" timestamp="2019-02-24T18:15:08" hostname="PSI-1623" time="2.898">
  <properties/>
  <testcase name="thisIsAFailingTest" classname="com.studentapp.junit.studentsidinfo.FirstSerenityTest" time="0.569">
    <failure message="java.lang.AssertionError: 1 expectation failed.&#10;Expected status code &lt;500&gt; but was &lt;200&gt;.&#10;" type="java.lang.AssertionError">java.lang.AssertionError: 1 expectation failed.
Expected status code &lt;500&gt; but was &lt;200&gt;.

	at sun.reflect.NativeConstructorAccessorImpl.newInstance0(Native Method)
	at sun.reflect.NativeConstructorAccessorImpl.newInstance(NativeConstructorAccessorImpl.java:62)
	at sun.reflect.DelegatingConstructorAccessorImpl.newInstance(DelegatingConstructorAccessorImpl.java:45)
	at java.lang.reflect.Constructor.newInstance(Constructor.java:423)
	at org.codehaus.groovy.reflection.CachedConstructor.invoke(CachedConstructor.java:83)
	at org.codehaus.groovy.reflection.CachedConstructor.doConstructorInvoke(CachedConstructor.java:77)
	at org.codehaus.groovy.runtime.callsite.ConstructorSite$ConstructorSiteNoUnwrap.callConstructor(ConstructorSite.java:84)
	at org.codehaus.groovy.runtime.callsite.AbstractCallSite.callConstructor(AbstractCallSite.java:249)
	at io.restassured.internal.ResponseSpecificationImpl$HamcrestAssertionClosure.validate(ResponseSpecificationImpl.groovy:471)
	at io.restassured.internal.ResponseSpecificationImpl$HamcrestAssertionClosure$validate$1.call(Unknown Source)
	at io.restassured.internal.ResponseSpecificationImpl.validateResponseIfRequired(ResponseSpecificationImpl.groovy:643)
	at sun.reflect.NativeMethodAccessorImpl.invoke0(Native Method)
	at sun.reflect.NativeMethodAccessorImpl.invoke(NativeMethodAccessorImpl.java:62)
	at sun.reflect.DelegatingMethodAccessorImpl.invoke(DelegatingMethodAccessorImpl.java:43)
	at java.lang.reflect.Method.invoke(Method.java:498)
	at org.codehaus.groovy.runtime.callsite.PlainObjectMetaMethodSite.doInvoke(PlainObjectMetaMethodSite.java:43)
	at org.codehaus.groovy.runtime.callsite.PogoMetaMethodSite$PogoCachedMethodSiteNoUnwrapNoCoerce.invoke(PogoMetaMethodSite.java:190)
	at org.codehaus.groovy.runtime.callsite.PogoMetaMethodSite.callCurrent(PogoMetaMethodSite.java:58)
	at org.codehaus.groovy.runtime.callsite.AbstractCallSite.callCurrent(AbstractCallSite.java:168)
	at io.restassured.internal.ResponseSpecificationImpl.statusCode(ResponseSpecificationImpl.groovy:122)
	at io.restassured.specification.ResponseSpecification$statusCode$0.callCurrent(Unknown Source)
	at io.restassured.internal.ResponseSpecificationImpl.statusCode(ResponseSpecificationImpl.groovy:130)
	at io.restassured.internal.ValidatableResponseOptionsImpl.statusCode(ValidatableResponseOptionsImpl.java:117)
	at com.studentapp.junit.studentsidinfo.FirstSerenityTest.thisIsAFailingTest(FirstSerenityTest.java:58)
	at sun.reflect.NativeMethodAccessorImpl.invoke0(Native Method)
	at sun.reflect.NativeMethodAccessorImpl.invoke(NativeMethodAccessorImpl.java:62)
	at sun.reflect.DelegatingMethodAccessorImpl.invoke(DelegatingMethodAccessorImpl.java:43)
	at java.lang.reflect.Method.invoke(Method.java:498)
	at org.junit.runners.model.FrameworkMethod$1.runReflectiveCall(FrameworkMethod.java:50)
	at org.junit.internal.runners.model.ReflectiveCallable.run(ReflectiveCallable.java:12)
	at org.junit.runners.model.FrameworkMethod.invokeExplosively(FrameworkMethod.java:47)
	at org.junit.internal.runners.statements.InvokeMethod.evaluate(InvokeMethod.java:17)
	at net.serenitybdd.junit.runners.SerenityStatement.evaluate(SerenityStatement.java:33)
	at org.junit.runners.ParentRunner.runLeaf(ParentRunner.java:325)
	at org.junit.runners.BlockJUnit4ClassRunner.runChild(BlockJUnit4ClassRunner.java:78)
	at net.serenitybdd.junit.runners.SerenityRunner.performRunChild(SerenityRunner.java:461)
	at net.serenitybdd.junit.runners.SerenityRunner.runChild(SerenityRunner.java:436)
	at net.serenitybdd.junit.runners.SerenityRunner.runChild(SerenityRunner.java:44)
	at org.junit.runners.ParentRunner$3.run(ParentRunner.java:290)
	at org.junit.runners.ParentRunner$1.schedule(ParentRunner.java:71)
	at org.junit.runners.ParentRunner.runChildren(ParentRunner.java:288)
	at org.junit.runners.ParentRunner.access$000(ParentRunner.java:58)
	at org.junit.runners.ParentRunner$2.evaluate(ParentRunner.java:268)
	at org.junit.internal.runners.statements.RunBefores.evaluate(RunBefores.java:26)
	at org.junit.runners.ParentRunner.run(ParentRunner.java:363)
	at net.serenitybdd.junit.runners.SerenityRunner.run(SerenityRunner.java:241)
	at org.gradle.api.internal.tasks.testing.junit.JUnitTestClassExecutor.runTestClass(JUnitTestClassExecutor.java:110)
	at org.gradle.api.internal.tasks.testing.junit.JUnitTestClassExecutor.execute(JUnitTestClassExecutor.java:58)
	at org.gradle.api.internal.tasks.testing.junit.JUnitTestClassExecutor.execute(JUnitTestClassExecutor.java:38)
	at org.gradle.api.internal.tasks.testing.junit.AbstractJUnitTestClassProcessor.processTestClass(AbstractJUnitTestClassProcessor.java:62)
	at org.gradle.api.internal.tasks.testing.SuiteTestClassProcessor.processTestClass(SuiteTestClassProcessor.java:51)
	at sun.reflect.NativeMethodAccessorImpl.invoke0(Native Method)
	at sun.reflect.NativeMethodAccessorImpl.invoke(NativeMethodAccessorImpl.java:62)
	at sun.reflect.DelegatingMethodAccessorImpl.invoke(DelegatingMethodAccessorImpl.java:43)
	at java.lang.reflect.Method.invoke(Method.java:498)
	at org.gradle.internal.dispatch.ReflectionDispatch.dispatch(ReflectionDispatch.java:35)
	at org.gradle.internal.dispatch.ReflectionDispatch.dispatch(ReflectionDispatch.java:24)
	at org.gradle.internal.dispatch.ContextClassLoaderDispatch.dispatch(ContextClassLoaderDispatch.java:32)
	at org.gradle.internal.dispatch.ProxyDispatchAdapter$DispatchingInvocationHandler.invoke(ProxyDispatchAdapter.java:93)
	at com.sun.proxy.$Proxy2.processTestClass(Unknown Source)
	at org.gradle.api.internal.tasks.testing.worker.TestWorker.processTestClass(TestWorker.java:118)
	at sun.reflect.NativeMethodAccessorImpl.invoke0(Native Method)
	at sun.reflect.NativeMethodAccessorImpl.invoke(NativeMethodAccessorImpl.java:62)
	at sun.reflect.DelegatingMethodAccessorImpl.invoke(DelegatingMethodAccessorImpl.java:43)
	at java.lang.reflect.Method.invoke(Method.java:498)
	at org.gradle.internal.dispatch.ReflectionDispatch.dispatch(ReflectionDispatch.java:35)
	at org.gradle.internal.dispatch.ReflectionDispatch.dispatch(ReflectionDispatch.java:24)
	at org.gradle.internal.remote.internal.hub.MessageHubBackedObjectConnection$DispatchWrapper.dispatch(MessageHubBackedObjectConnection.java:175)
	at org.gradle.internal.remote.internal.hub.MessageHubBackedObjectConnection$DispatchWrapper.dispatch(MessageHubBackedObjectConnection.java:157)
	at org.gradle.internal.remote.internal.hub.MessageHub$Handler.run(MessageHub.java:404)
	at org.gradle.internal.concurrent.ExecutorPolicy$CatchAndRecordFailures.onExecute(ExecutorPolicy.java:63)
	at org.gradle.internal.concurrent.ManagedExecutorImpl$1.run(ManagedExecutorImpl.java:46)
	at java.util.concurrent.ThreadPoolExecutor.runWorker(ThreadPoolExecutor.java:1149)
	at java.util.concurrent.ThreadPoolExecutor$Worker.run(ThreadPoolExecutor.java:624)
	at org.gradle.internal.concurrent.ThreadFactoryImpl$ManagedThreadRunnable.run(ThreadFactoryImpl.java:55)
	at java.lang.Thread.run(Thread.java:748)
</failure>
  </testcase>
  <testcase name="thisIsAPendingTest" classname="com.studentapp.junit.studentsidinfo.FirstSerenityTest" time="0.0">
    <skipped/>
  </testcase>
  <testcase name="thisIsAManualTest" classname="com.studentapp.junit.studentsidinfo.FirstSerenityTest" time="0.0">
    <skipped/>
  </testcase>
  <testcase name="thisIsATestWithError" classname="com.studentapp.junit.studentsidinfo.FirstSerenityTest" time="0.338">
    <failure message="java.lang.ArithmeticException: / by zero" type="java.lang.ArithmeticException">java.lang.ArithmeticException: / by zero
	at com.studentapp.junit.studentsidinfo.FirstSerenityTest.thisIsATestWithError(FirstSerenityTest.java:75)
	at sun.reflect.NativeMethodAccessorImpl.invoke0(Native Method)
	at sun.reflect.NativeMethodAccessorImpl.invoke(NativeMethodAccessorImpl.java:62)
	at sun.reflect.DelegatingMethodAccessorImpl.invoke(DelegatingMethodAccessorImpl.java:43)
	at java.lang.reflect.Method.invoke(Method.java:498)
	at org.junit.runners.model.FrameworkMethod$1.runReflectiveCall(FrameworkMethod.java:50)
	at org.junit.internal.runners.model.ReflectiveCallable.run(ReflectiveCallable.java:12)
	at org.junit.runners.model.FrameworkMethod.invokeExplosively(FrameworkMethod.java:47)
	at org.junit.internal.runners.statements.InvokeMethod.evaluate(InvokeMethod.java:17)
	at net.serenitybdd.junit.runners.SerenityStatement.evaluate(SerenityStatement.java:33)
	at org.junit.runners.ParentRunner.runLeaf(ParentRunner.java:325)
	at org.junit.runners.BlockJUnit4ClassRunner.runChild(BlockJUnit4ClassRunner.java:78)
	at net.serenitybdd.junit.runners.SerenityRunner.performRunChild(SerenityRunner.java:461)
	at net.serenitybdd.junit.runners.SerenityRunner.runChild(SerenityRunner.java:436)
	at net.serenitybdd.junit.runners.SerenityRunner.runChild(SerenityRunner.java:44)
	at org.junit.runners.ParentRunner$3.run(ParentRunner.java:290)
	at org.junit.runners.ParentRunner$1.schedule(ParentRunner.java:71)
	at org.junit.runners.ParentRunner.runChildren(ParentRunner.java:288)
	at org.junit.runners.ParentRunner.access$000(ParentRunner.java:58)
	at org.junit.runners.ParentRunner$2.evaluate(ParentRunner.java:268)
	at org.junit.internal.runners.statements.RunBefores.evaluate(RunBefores.java:26)
	at org.junit.runners.ParentRunner.run(ParentRunner.java:363)
	at net.serenitybdd.junit.runners.SerenityRunner.run(SerenityRunner.java:241)
	at org.gradle.api.internal.tasks.testing.junit.JUnitTestClassExecutor.runTestClass(JUnitTestClassExecutor.java:110)
	at org.gradle.api.internal.tasks.testing.junit.JUnitTestClassExecutor.execute(JUnitTestClassExecutor.java:58)
	at org.gradle.api.internal.tasks.testing.junit.JUnitTestClassExecutor.execute(JUnitTestClassExecutor.java:38)
	at org.gradle.api.internal.tasks.testing.junit.AbstractJUnitTestClassProcessor.processTestClass(AbstractJUnitTestClassProcessor.java:62)
	at org.gradle.api.internal.tasks.testing.SuiteTestClassProcessor.processTestClass(SuiteTestClassProcessor.java:51)
	at sun.reflect.NativeMethodAccessorImpl.invoke0(Native Method)
	at sun.reflect.NativeMethodAccessorImpl.invoke(NativeMethodAccessorImpl.java:62)
	at sun.reflect.DelegatingMethodAccessorImpl.invoke(DelegatingMethodAccessorImpl.java:43)
	at java.lang.reflect.Method.invoke(Method.java:498)
	at org.gradle.internal.dispatch.ReflectionDispatch.dispatch(ReflectionDispatch.java:35)
	at org.gradle.internal.dispatch.ReflectionDispatch.dispatch(ReflectionDispatch.java:24)
	at org.gradle.internal.dispatch.ContextClassLoaderDispatch.dispatch(ContextClassLoaderDispatch.java:32)
	at org.gradle.internal.dispatch.ProxyDispatchAdapter$DispatchingInvocationHandler.invoke(ProxyDispatchAdapter.java:93)
	at com.sun.proxy.$Proxy2.processTestClass(Unknown Source)
	at org.gradle.api.internal.tasks.testing.worker.TestWorker.processTestClass(TestWorker.java:118)
	at sun.reflect.NativeMethodAccessorImpl.invoke0(Native Method)
	at sun.reflect.NativeMethodAccessorImpl.invoke(NativeMethodAccessorImpl.java:62)
	at sun.reflect.DelegatingMethodAccessorImpl.invoke(DelegatingMethodAccessorImpl.java:43)
	at java.lang.reflect.Method.invoke(Method.java:498)
	at org.gradle.internal.dispatch.ReflectionDispatch.dispatch(ReflectionDispatch.java:35)
	at org.gradle.internal.dispatch.ReflectionDispatch.dispatch(ReflectionDispatch.java:24)
	at org.gradle.internal.remote.internal.hub.MessageHubBackedObjectConnection$DispatchWrapper.dispatch(MessageHubBackedObjectConnection.java:175)
	at org.gradle.internal.remote.internal.hub.MessageHubBackedObjectConnection$DispatchWrapper.dispatch(MessageHubBackedObjectConnection.java:157)
	at org.gradle.internal.remote.internal.hub.MessageHub$Handler.run(MessageHub.java:404)
	at org.gradle.internal.concurrent.ExecutorPolicy$CatchAndRecordFailures.onExecute(ExecutorPolicy.java:63)
	at org.gradle.internal.concurrent.ManagedExecutorImpl$1.run(ManagedExecutorImpl.java:46)
	at java.util.concurrent.ThreadPoolExecutor.runWorker(ThreadPoolExecutor.java:1149)
	at java.util.concurrent.ThreadPoolExecutor$Worker.run(ThreadPoolExecutor.java:624)
	at org.gradle.internal.concurrent.ThreadFactoryImpl$ManagedThreadRunnable.run(ThreadFactoryImpl.java:55)
	at java.lang.Thread.run(Thread.java:748)
</failure>
  </testcase>
  <testcase name="fileDoesNotExist" classname="com.studentapp.junit.studentsidinfo.FirstSerenityTest" time="0.405">
    <failure message="java.io.FileNotFoundException: E:\Ruby.text (The system cannot find the path specified)" type="java.io.FileNotFoundException">java.io.FileNotFoundException: E:\Ruby.text (The system cannot find the path specified)
	at java.io.FileInputStream.open0(Native Method)
	at java.io.FileInputStream.open(FileInputStream.java:195)
	at java.io.FileInputStream.&lt;init&gt;(FileInputStream.java:138)
	at java.io.FileReader.&lt;init&gt;(FileReader.java:72)
	at com.studentapp.junit.studentsidinfo.FirstSerenityTest.fileDoesNotExist(FirstSerenityTest.java:81)
	at sun.reflect.NativeMethodAccessorImpl.invoke0(Native Method)
	at sun.reflect.NativeMethodAccessorImpl.invoke(NativeMethodAccessorImpl.java:62)
	at sun.reflect.DelegatingMethodAccessorImpl.invoke(DelegatingMethodAccessorImpl.java:43)
	at java.lang.reflect.Method.invoke(Method.java:498)
	at org.junit.runners.model.FrameworkMethod$1.runReflectiveCall(FrameworkMethod.java:50)
	at org.junit.internal.runners.model.ReflectiveCallable.run(ReflectiveCallable.java:12)
	at org.junit.runners.model.FrameworkMethod.invokeExplosively(FrameworkMethod.java:47)
	at org.junit.internal.runners.statements.InvokeMethod.evaluate(InvokeMethod.java:17)
	at net.serenitybdd.junit.runners.SerenityStatement.evaluate(SerenityStatement.java:33)
	at org.junit.runners.ParentRunner.runLeaf(ParentRunner.java:325)
	at org.junit.runners.BlockJUnit4ClassRunner.runChild(BlockJUnit4ClassRunner.java:78)
	at net.serenitybdd.junit.runners.SerenityRunner.performRunChild(SerenityRunner.java:461)
	at net.serenitybdd.junit.runners.SerenityRunner.runChild(SerenityRunner.java:436)
	at net.serenitybdd.junit.runners.SerenityRunner.runChild(SerenityRunner.java:44)
	at org.junit.runners.ParentRunner$3.run(ParentRunner.java:290)
	at org.junit.runners.ParentRunner$1.schedule(ParentRunner.java:71)
	at org.junit.runners.ParentRunner.runChildren(ParentRunner.java:288)
	at org.junit.runners.ParentRunner.access$000(ParentRunner.java:58)
	at org.junit.runners.ParentRunner$2.evaluate(ParentRunner.java:268)
	at org.junit.internal.runners.statements.RunBefores.evaluate(RunBefores.java:26)
	at org.junit.runners.ParentRunner.run(ParentRunner.java:363)
	at net.serenitybdd.junit.runners.SerenityRunner.run(SerenityRunner.java:241)
	at org.gradle.api.internal.tasks.testing.junit.JUnitTestClassExecutor.runTestClass(JUnitTestClassExecutor.java:110)
	at org.gradle.api.internal.tasks.testing.junit.JUnitTestClassExecutor.execute(JUnitTestClassExecutor.java:58)
	at org.gradle.api.internal.tasks.testing.junit.JUnitTestClassExecutor.execute(JUnitTestClassExecutor.java:38)
	at org.gradle.api.internal.tasks.testing.junit.AbstractJUnitTestClassProcessor.processTestClass(AbstractJUnitTestClassProcessor.java:62)
	at org.gradle.api.internal.tasks.testing.SuiteTestClassProcessor.processTestClass(SuiteTestClassProcessor.java:51)
	at sun.reflect.NativeMethodAccessorImpl.invoke0(Native Method)
	at sun.reflect.NativeMethodAccessorImpl.invoke(NativeMethodAccessorImpl.java:62)
	at sun.reflect.DelegatingMethodAccessorImpl.invoke(DelegatingMethodAccessorImpl.java:43)
	at java.lang.reflect.Method.invoke(Method.java:498)
	at org.gradle.internal.dispatch.ReflectionDispatch.dispatch(ReflectionDispatch.java:35)
	at org.gradle.internal.dispatch.ReflectionDispatch.dispatch(ReflectionDispatch.java:24)
	at org.gradle.internal.dispatch.ContextClassLoaderDispatch.dispatch(ContextClassLoaderDispatch.java:32)
	at org.gradle.internal.dispatch.ProxyDispatchAdapter$DispatchingInvocationHandler.invoke(ProxyDispatchAdapter.java:93)
	at com.sun.proxy.$Proxy2.processTestClass(Unknown Source)
	at org.gradle.api.internal.tasks.testing.worker.TestWorker.processTestClass(TestWorker.java:118)
	at sun.reflect.NativeMethodAccessorImpl.invoke0(Native Method)
	at sun.reflect.NativeMethodAccessorImpl.invoke(NativeMethodAccessorImpl.java:62)
	at sun.reflect.DelegatingMethodAccessorImpl.invoke(DelegatingMethodAccessorImpl.java:43)
	at java.lang.reflect.Method.invoke(Method.java:498)
	at org.gradle.internal.dispatch.ReflectionDispatch.dispatch(ReflectionDispatch.java:35)
	at org.gradle.internal.dispatch.ReflectionDispatch.dispatch(ReflectionDispatch.java:24)
	at org.gradle.internal.remote.internal.hub.MessageHubBackedObjectConnection$DispatchWrapper.dispatch(MessageHubBackedObjectConnection.java:175)
	at org.gradle.internal.remote.internal.hub.MessageHubBackedObjectConnection$DispatchWrapper.dispatch(MessageHubBackedObjectConnection.java:157)
	at org.gradle.internal.remote.internal.hub.MessageHub$Handler.run(MessageHub.java:404)
	at org.gradle.internal.concurrent.ExecutorPolicy$CatchAndRecordFailures.onExecute(ExecutorPolicy.java:63)
	at org.gradle.internal.concurrent.ManagedExecutorImpl$1.run(ManagedExecutorImpl.java:46)
	at java.util.concurrent.ThreadPoolExecutor.runWorker(ThreadPoolExecutor.java:1149)
	at java.util.concurrent.ThreadPoolExecutor$Worker.run(ThreadPoolExecutor.java:624)
	at org.gradle.internal.concurrent.ThreadFactoryImpl$ManagedThreadRunnable.run(ThreadFactoryImpl.java:55)
	at java.lang.Thread.run(Thread.java:748)
</failure>
  </testcase>
  <testcase name="thisIsAnIgnoredTest" classname="com.studentapp.junit.studentsidinfo.FirstSerenityTest" time="0.0">
    <skipped/>
  </testcase>
  <testcase name="getAllStudents" classname="com.studentapp.junit.studentsidinfo.FirstSerenityTest" time="0.406"/>
  <system-out><![CDATA[HTTP/1.1 200 
Content-Type: application/json;charset=UTF-8
Transfer-Encoding: chunked
Date: Sun, 24 Feb 2019 18:15:09 GMT

[
    {
        "id": 1,
        "firstName": "Vernon",
        "lastName": "Harper",
        "email": "egestas.rhoncus.Proin@massaQuisqueporttitor.org",
        "programme": "Financial Analysis",
        "courses": [
            "Accounting",
            "Statistics"
        ]
    },
    {
        "id": 2,
        "firstName": "Murphy",
        "lastName": "Holmes",
        "email": "faucibus.orci.luctus@Duisac.net",
        "programme": "Financial Analysis",
        "courses": [
            "Accounting",
            "Statistics"
        ]
    },
    {
        "id": 3,
        "firstName": "Reece",
        "lastName": "Jason",
        "email": "tincidunt.dui@ultricessit.co.uk",
        "programme": "Computer Science",
        "courses": [
            "Calculus",
            "Algorithms",
            "Software Development",
            "Ethics"
        ]
    },
    {
        "id": 4,
        "firstName": "Orson",
        "lastName": "Armando",
        "email": "nascetur@conguea.com",
        "programme": "Computer Science",
        "courses": [
            "Calculus",
            "Algorithms",
            "Software Development",
            "Ethics"
        ]
    },
    {
        "id": 5,
        "firstName": "Cullen",
        "lastName": "Craig",
        "email": "imperdiet.ullamcorper@nonenimMauris.co.uk",
        "programme": "Disaster Management",
        "courses": [
            "Disaster Preparedness"
        ]
    },
    {
        "id": 6,
        "firstName": "Harper",
        "lastName": "Rashad",
        "email": "vestibulum@ridiculusmus.edu",
        "programme": "Disaster Management",
        "courses": [
            "Disaster Preparedness"
        ]
    },
    {
        "id": 7,
        "firstName": "Roth",
        "lastName": "Grant",
        "email": "eu.tellus@anuncIn.edu",
        "programme": "Mechanical Engineering",
        "courses": [
            "Machine Element Design",
            "Engineering Analysis I",
            "Calculus & Linear Algebra I "
        ]
    },
    {
        "id": 8,
        "firstName": "Jermaine",
        "lastName": "Alden",
        "email": "scelerisque.sed@senectuset.org",
        "programme": "Law",
        "courses": [
            "Criminal Law",
            "Constitutional Law",
            "Property Law",
            "Contracts"
        ]
    },
    {
        "id": 9,
        "firstName": "Sebastian",
        "lastName": "Jesse",
        "email": "faucibus@sed.co.uk",
        "programme": "Medicine",
        "courses": [
            "Anatomy",
            "Biochemistry",
            "Genetics",
            "Human Behavior."
        ]
    },
    {
        "id": 10,
        "firstName": "Todd",
        "lastName": "Beck",
        "email": "Fusce.dolor.quam@commodoauctor.org",
        "programme": "Financial Analysis",
        "courses": [
            "Accounting",
            "Statistics"
        ]
    },
    {
        "id": 11,
        "firstName": "Giacomo",
        "lastName": "Raphael",
        "email": "magnis.dis@idmagnaet.com",
        "programme": "Medicine",
        "courses": [
            "Anatomy",
            "Biochemistry",
            "Genetics",
            "Human Behavior."
        ]
    },
    {
        "id": 12,
        "firstName": "Chadwick",
        "lastName": "Lawrence",
        "email": "turpis.non.enim@sociisnatoque.com",
        "programme": "Criminology",
        "courses": [
            "Criminal Mind",
            "Gender, Crime and Justice ",
            "Philosophy of Law "
        ]
    },
    {
        "id": 13,
        "firstName": "Zachary",
        "lastName": "Vance",
        "email": "In.tincidunt.congue@Quisque.com",
        "programme": "Criminology",
        "courses": [
            "Criminal Mind",
            "Gender, Crime and Justice ",
            "Philosophy of Law "
        ]
    },
    {
        "id": 14,
        "firstName": "Denton",
        "lastName": "Walker",
        "email": "Integer.sem@iaculisodioNam.edu",
        "programme": "Mechanical Engineering",
        "courses": [
            "Machine Element Design",
            "Engineering Analysis I",
            "Calculus & Linear Algebra I "
        ]
    },
    {
        "id": 15,
        "firstName": "Hakeem",
        "lastName": "Fitzgerald",
        "email": "accumsan@luctuset.edu",
        "programme": "Financial Analysis",
        "courses": [
            "Accounting",
            "Statistics"
        ]
    },
    {
        "id": 16,
        "firstName": "Jakeem",
        "lastName": "Philip",
        "email": "montes.nascetur.ridiculus@loremDonec.com",
        "programme": "Mechanical Engineering",
        "courses": [
            "Machine Element Design",
            "Engineering Analysis I",
            "Calculus & Linear Algebra I "
        ]
    },
    {
        "id": 17,
        "firstName": "Amal",
        "lastName": "Emery",
        "email": "turpis.egestas.Aliquam@fermentum.net",
        "programme": "Computer Science",
        "courses": [
            "Calculus",
            "Algorithms",
            "Software Development",
            "Ethics"
        ]
    },
    {
        "id": 18,
        "firstName": "Reed",
        "lastName": "Wylie",
        "email": "Suspendisse.aliquet.sem@atrisus.org",
        "programme": "Medicine",
        "courses": [
            "Anatomy",
            "Biochemistry",
            "Genetics",
            "Human Behavior."
        ]
    },
    {
        "id": 19,
        "firstName": "Lev",
        "lastName": "Philip",
        "email": "dolor.elit.pellentesque@enimEtiamimperdiet.ca",
        "programme": "Computer Science",
        "courses": [
            "Calculus",
            "Algorithms",
            "Software Development",
            "Ethics"
        ]
    },
    {
        "id": 20,
        "firstName": "Lamar",
        "lastName": "Berk",
        "email": "leo.Vivamus@sit.org",
        "programme": "Medicine",
        "courses": [
            "Anatomy",
            "Biochemistry",
            "Genetics",
            "Human Behavior."
        ]
    },
    {
        "id": 21,
        "firstName": "Nathaniel",
        "lastName": "Colton",
        "email": "hendrerit@et.co.uk",
        "programme": "Medicine",
        "courses": [
            "Anatomy",
            "Biochemistry",
            "Genetics",
            "Human Behavior."
        ]
    },
    {
        "id": 22,
        "firstName": "Kennan",
        "lastName": "Jacob",
        "email": "vel.vulputate@vitaedolorDonec.ca",
        "programme": "Financial Analysis",
        "courses": [
            "Accounting",
            "Statistics"
        ]
    },
    {
        "id": 23,
        "firstName": "Omar",
        "lastName": "Colt",
        "email": "venenatis.a@Pellentesque.co.uk",
        "programme": "Mechanical Engineering",
        "courses": [
            "Machine Element Design",
            "Engineering Analysis I",
            "Calculus & Linear Algebra I "
        ]
    },
    {
        "id": 24,
        "firstName": "Tanek",
        "lastName": "Scott",
        "email": "Sed.malesuada@porttitoreros.ca",
        "programme": "Criminology",
        "courses": [
            "Criminal Mind",
            "Gender, Crime and Justice ",
            "Philosophy of Law "
        ]
    },
    {
        "id": 25,
        "firstName": "Paki",
        "lastName": "Samson",
        "email": "ornare@Mauriseuturpis.edu",
        "programme": "Law",
        "courses": [
            "Criminal Law",
            "Constitutional Law",
            "Property Law",
            "Contracts"
        ]
    },
    {
        "id": 26,
        "firstName": "James",
        "lastName": "Jonah",
        "email": "Nullam@Cras.net",
        "programme": "Mechanical Engineering",
        "courses": [
            "Machine Element Design",
            "Engineering Analysis I",
            "Calculus & Linear Algebra I "
        ]
    },
    {
        "id": 27,
        "firstName": "Cade",
        "lastName": "Vernon",
        "email": "pharetra.sed@Aliquamvulputateullamcorper.ca",
        "programme": "Mechanical Engineering",
        "courses": [
            "Machine Element Design",
            "Engineering Analysis I",
            "Calculus & Linear Algebra I "
        ]
    },
    {
        "id": 28,
        "firstName": "Quentin",
        "lastName": "Chadwick",
        "email": "sed.turpis.nec@risusQuisque.ca",
        "programme": "Mechanical Engineering",
        "courses": [
            "Machine Element Design",
            "Engineering Analysis I",
            "Calculus & Linear Algebra I "
        ]
    },
    {
        "id": 29,
        "firstName": "Arden",
        "lastName": "Abel",
        "email": "consequat.enim@ultricessit.com",
        "programme": "Law",
        "courses": [
            "Criminal Law",
            "Constitutional Law",
            "Property Law",
            "Contracts"
        ]
    },
    {
        "id": 30,
        "firstName": "Lars",
        "lastName": "Keith",
        "email": "Fusce@Quisquefringillaeuismod.org",
        "programme": "Medicine",
        "courses": [
            "Anatomy",
            "Biochemistry",
            "Genetics",
            "Human Behavior."
        ]
    },
    {
        "id": 31,
        "firstName": "Emmanuel",
        "lastName": "Gavin",
        "email": "ornare.libero@perinceptoshymenaeos.co.uk",
        "programme": "Criminology",
        "courses": [
            "Criminal Mind",
            "Gender, Crime and Justice ",
            "Philosophy of Law "
        ]
    },
    {
        "id": 32,
        "firstName": "Noah",
        "lastName": "Oren",
        "email": "Proin.vel@placerat.org",
        "programme": "Law",
        "courses": [
            "Criminal Law",
            "Constitutional Law",
            "Property Law",
            "Contracts"
        ]
    },
    {
        "id": 33,
        "firstName": "Mason",
        "lastName": "Barry",
        "email": "id@incursus.co.uk",
        "programme": "Law",
        "courses": [
            "Criminal Law",
            "Constitutional Law",
            "Property Law",
            "Contracts"
        ]
    },
    {
        "id": 34,
        "firstName": "Elliott",
        "lastName": "Brady",
        "email": "Vestibulum@adlitora.net",
        "programme": "Law",
        "courses": [
            "Criminal Law",
            "Constitutional Law",
            "Property Law",
            "Contracts"
        ]
    },
    {
        "id": 35,
        "firstName": "Nero",
        "lastName": "Brett",
        "email": "amet.ante@sit.com",
        "programme": "Disaster Management",
        "courses": [
            "Disaster Preparedness"
        ]
    },
    {
        "id": 36,
        "firstName": "Elvis",
        "lastName": "Abraham",
        "email": "neque@interdumfeugiat.net",
        "programme": "Disaster Management",
        "courses": [
            "Disaster Preparedness"
        ]
    },
    {
        "id": 37,
        "firstName": "Kieran",
        "lastName": "Ross",
        "email": "magnis.dis.parturient@laciniaorci.edu",
        "programme": "Disaster Management",
        "courses": [
            "Disaster Preparedness"
        ]
    },
    {
        "id": 38,
        "firstName": "Noah",
        "lastName": "Merrill",
        "email": "et@ipsum.net",
        "programme": "Medicine",
        "courses": [
            "Anatomy",
            "Biochemistry",
            "Genetics",
            "Human Behavior."
        ]
    },
    {
        "id": 39,
        "firstName": "Peter",
        "lastName": "Noble",
        "email": "turpis@sagittisplaceratCras.ca",
        "programme": "Computer Science",
        "courses": [
            "Calculus",
            "Algorithms",
            "Software Development",
            "Ethics"
        ]
    },
    {
        "id": 40,
        "firstName": "Axel",
        "lastName": "Bradley",
        "email": "ridiculus.mus@tempus.net",
        "programme": "Mechanical Engineering",
        "courses": [
            "Machine Element Design",
            "Engineering Analysis I",
            "Calculus & Linear Algebra I "
        ]
    },
    {
        "id": 41,
        "firstName": "Hashim",
        "lastName": "Chancellor",
        "email": "at.pretium@eleifendvitae.net",
        "programme": "Medicine",
        "courses": [
            "Anatomy",
            "Biochemistry",
            "Genetics",
            "Human Behavior."
        ]
    },
    {
        "id": 42,
        "firstName": "Alan",
        "lastName": "Connor",
        "email": "vel.turpis.Aliquam@metus.org",
        "programme": "Mechanical Engineering",
        "courses": [
            "Machine Element Design",
            "Engineering Analysis I",
            "Calculus & Linear Algebra I "
        ]
    },
    {
        "id": 43,
        "firstName": "Abel",
        "lastName": "Rudyard",
        "email": "orci.luctus.et@posuere.com",
        "programme": "Computer Science",
        "courses": [
            "Calculus",
            "Algorithms",
            "Software Development",
            "Ethics"
        ]
    },
    {
        "id": 44,
        "firstName": "Cedric",
        "lastName": "Zeus",
        "email": "Quisque.tincidunt@nullaanteiaculis.co.uk",
        "programme": "Law",
        "courses": [
            "Criminal Law",
            "Constitutional Law",
            "Property Law",
            "Contracts"
        ]
    },
    {
        "id": 45,
        "firstName": "Boris",
        "lastName": "Kato",
        "email": "dictum@tortorInteger.org",
        "programme": "Medicine",
        "courses": [
            "Anatomy",
            "Biochemistry",
            "Genetics",
            "Human Behavior."
        ]
    },
    {
        "id": 46,
        "firstName": "Walter",
        "lastName": "Phelan",
        "email": "diam@nectellusNunc.edu",
        "programme": "Law",
        "courses": [
            "Criminal Law",
            "Constitutional Law",
            "Property Law",
            "Contracts"
        ]
    },
    {
        "id": 47,
        "firstName": "Preston",
        "lastName": "Branden",
        "email": "sagittis.semper@urnaNullam.net",
        "programme": "Criminology",
        "courses": [
            "Criminal Mind",
            "Gender, Crime and Justice ",
            "Philosophy of Law "
        ]
    },
    {
        "id": 48,
        "firstName": "Kane",
        "lastName": "Alec",
        "email": "dignissim.Maecenas.ornare@adui.edu",
        "programme": "Law",
        "courses": [
            "Criminal Law",
            "Constitutional Law",
            "Property Law",
            "Contracts"
        ]
    },
    {
        "id": 49,
        "firstName": "Igor",
        "lastName": "Ezra",
        "email": "cursus.non.egestas@laciniaorci.net",
        "programme": "Criminology",
        "courses": [
            "Criminal Mind",
            "Gender, Crime and Justice ",
            "Philosophy of Law "
        ]
    },
    {
        "id": 50,
        "firstName": "Yoshio",
        "lastName": "Kato",
        "email": "Vivamus.rhoncus@semutcursus.ca",
        "programme": "Disaster Management",
        "courses": [
            "Disaster Preparedness"
        ]
    },
    {
        "id": 51,
        "firstName": "Fletcher",
        "lastName": "Vance",
        "email": "orci.lacus@hendreritDonecporttitor.net",
        "programme": "Computer Science",
        "courses": [
            "Calculus",
            "Algorithms",
            "Software Development",
            "Ethics"
        ]
    },
    {
        "id": 52,
        "firstName": "Burton",
        "lastName": "Merrill",
        "email": "mauris@malesuada.ca",
        "programme": "Law",
        "courses": [
            "Criminal Law",
            "Constitutional Law",
            "Property Law",
            "Contracts"
        ]
    },
    {
        "id": 53,
        "firstName": "Rafael",
        "lastName": "Vladimir",
        "email": "mauris.ipsum.porta@sit.ca",
        "programme": "Law",
        "courses": [
            "Criminal Law",
            "Constitutional Law",
            "Property Law",
            "Contracts"
        ]
    },
    {
        "id": 54,
        "firstName": "Dolan",
        "lastName": "Hyatt",
        "email": "augue.malesuada@Pellentesqueut.net",
        "programme": "Computer Science",
        "courses": [
            "Calculus",
            "Algorithms",
            "Software Development",
            "Ethics"
        ]
    },
    {
        "id": 55,
        "firstName": "Driscoll",
        "lastName": "Russell",
        "email": "Lorem.ipsum.dolor@eu.co.uk",
        "programme": "Computer Science",
        "courses": [
            "Calculus",
            "Algorithms",
            "Software Development",
            "Ethics"
        ]
    },
    {
        "id": 56,
        "firstName": "Boris",
        "lastName": "Dexter",
        "email": "purus@mollis.co.uk",
        "programme": "Law",
        "courses": [
            "Criminal Law",
            "Constitutional Law",
            "Property Law",
            "Contracts"
        ]
    },
    {
        "id": 57,
        "firstName": "Maxwell",
        "lastName": "Tarik",
        "email": "pharetra.Quisque.ac@facilisisSuspendisse.edu",
        "programme": "Criminology",
        "courses": [
            "Criminal Mind",
            "Gender, Crime and Justice ",
            "Philosophy of Law "
        ]
    },
    {
        "id": 58,
        "firstName": "Nero",
        "lastName": "Ulysses",
        "email": "inceptos.hymenaeos.Mauris@Proin.edu",
        "programme": "Financial Analysis",
        "courses": [
            "Accounting",
            "Statistics"
        ]
    },
    {
        "id": 59,
        "firstName": "Chase",
        "lastName": "Laith",
        "email": "ridiculus.mus.Donec@netus.org",
        "programme": "Mechanical Engineering",
        "courses": [
            "Machine Element Design",
            "Engineering Analysis I",
            "Calculus & Linear Algebra I "
        ]
    },
    {
        "id": 60,
        "firstName": "Dominic",
        "lastName": "Malcolm",
        "email": "mi.felis.adipiscing@liberoettristique.edu",
        "programme": "Criminology",
        "courses": [
            "Criminal Mind",
            "Gender, Crime and Justice ",
            "Philosophy of Law "
        ]
    },
    {
        "id": 61,
        "firstName": "Ross",
        "lastName": "Hedley",
        "email": "Ut.tincidunt.vehicula@nuncidenim.edu",
        "programme": "Criminology",
        "courses": [
            "Criminal Mind",
            "Gender, Crime and Justice ",
            "Philosophy of Law "
        ]
    },
    {
        "id": 62,
        "firstName": "Abel",
        "lastName": "Garrett",
        "email": "rhoncus@sociisnatoquepenatibus.ca",
        "programme": "Financial Analysis",
        "courses": [
            "Accounting",
            "Statistics"
        ]
    },
    {
        "id": 63,
        "firstName": "Nero",
        "lastName": "Clarke",
        "email": "eget.metus.In@disparturientmontes.org",
        "programme": "Computer Science",
        "courses": [
            "Calculus",
            "Algorithms",
            "Software Development",
            "Ethics"
        ]
    },
    {
        "id": 64,
        "firstName": "Thane",
        "lastName": "Carl",
        "email": "ut.nulla@netuset.co.uk",
        "programme": "Criminology",
        "courses": [
            "Criminal Mind",
            "Gender, Crime and Justice ",
            "Philosophy of Law "
        ]
    },
    {
        "id": 65,
        "firstName": "Jerome",
        "lastName": "Jackson",
        "email": "ac.turpis@facilisislorem.net",
        "programme": "Computer Science",
        "courses": [
            "Calculus",
            "Algorithms",
            "Software Development",
            "Ethics"
        ]
    },
    {
        "id": 66,
        "firstName": "Tate",
        "lastName": "Martin",
        "email": "ante.blandit@semeget.org",
        "programme": "Law",
        "courses": [
            "Criminal Law",
            "Constitutional Law",
            "Property Law",
            "Contracts"
        ]
    },
    {
        "id": 67,
        "firstName": "Caldwell",
        "lastName": "Daniel",
        "email": "lobortis@nequevenenatislacus.net",
        "programme": "Medicine",
        "courses": [
            "Anatomy",
            "Biochemistry",
            "Genetics",
            "Human Behavior."
        ]
    },
    {
        "id": 68,
        "firstName": "Lucian",
        "lastName": "Holmes",
        "email": "Cras@lorem.org",
        "programme": "Medicine",
        "courses": [
            "Anatomy",
            "Biochemistry",
            "Genetics",
            "Human Behavior."
        ]
    },
    {
        "id": 69,
        "firstName": "Akeem",
        "lastName": "Herrod",
        "email": "vel.venenatis@Nullamvelit.com",
        "programme": "Disaster Management",
        "courses": [
            "Disaster Preparedness"
        ]
    },
    {
        "id": 70,
        "firstName": "Vance",
        "lastName": "Colin",
        "email": "quam.vel.sapien@vellectusCum.org",
        "programme": "Disaster Management",
        "courses": [
            "Disaster Preparedness"
        ]
    },
    {
        "id": 71,
        "firstName": "Austin",
        "lastName": "Jelani",
        "email": "Nulla@nuncid.net",
        "programme": "Medicine",
        "courses": [
            "Anatomy",
            "Biochemistry",
            "Genetics",
            "Human Behavior."
        ]
    },
    {
        "id": 72,
        "firstName": "Jackson",
        "lastName": "Honorato",
        "email": "In@vestibulumlorem.com",
        "programme": "Criminology",
        "courses": [
            "Criminal Mind",
            "Gender, Crime and Justice ",
            "Philosophy of Law "
        ]
    },
    {
        "id": 73,
        "firstName": "Lee",
        "lastName": "Acton",
        "email": "rutrum@mattis.org",
        "programme": "Mechanical Engineering",
        "courses": [
            "Machine Element Design",
            "Engineering Analysis I",
            "Calculus & Linear Algebra I "
        ]
    },
    {
        "id": 74,
        "firstName": "Aquila",
        "lastName": "Sylvester",
        "email": "Aliquam.ultrices.iaculis@duiquisaccumsan.co.uk",
        "programme": "Criminology",
        "courses": [
            "Criminal Mind",
            "Gender, Crime and Justice ",
            "Philosophy of Law "
        ]
    },
    {
        "id": 75,
        "firstName": "Baker",
        "lastName": "Cairo",
        "email": "fermentum@diam.com",
        "programme": "Financial Analysis",
        "courses": [
            "Accounting",
            "Statistics"
        ]
    },
    {
        "id": 76,
        "firstName": "Samuel",
        "lastName": "Kibo",
        "email": "semper@enimcommodohendrerit.co.uk",
        "programme": "Criminology",
        "courses": [
            "Criminal Mind",
            "Gender, Crime and Justice ",
            "Philosophy of Law "
        ]
    },
    {
        "id": 77,
        "firstName": "Byron",
        "lastName": "Warren",
        "email": "enim.Etiam.imperdiet@sitamet.ca",
        "programme": "Mechanical Engineering",
        "courses": [
            "Machine Element Design",
            "Engineering Analysis I",
            "Calculus & Linear Algebra I "
        ]
    },
    {
        "id": 78,
        "firstName": "Declan",
        "lastName": "Barclay",
        "email": "Proin.nisl.sem@Aliquamnecenim.org",
        "programme": "Mechanical Engineering",
        "courses": [
            "Machine Element Design",
            "Engineering Analysis I",
            "Calculus & Linear Algebra I "
        ]
    },
    {
        "id": 79,
        "firstName": "Robert",
        "lastName": "Cullen",
        "email": "in.dolor@pede.co.uk",
        "programme": "Disaster Management",
        "courses": [
            "Disaster Preparedness"
        ]
    },
    {
        "id": 80,
        "firstName": "Troy",
        "lastName": "Simon",
        "email": "Cras.vulputate.velit@ornare.org",
        "programme": "Criminology",
        "courses": [
            "Criminal Mind",
            "Gender, Crime and Justice ",
            "Philosophy of Law "
        ]
    },
    {
        "id": 81,
        "firstName": "Tiger",
        "lastName": "Wylie",
        "email": "risus.quis.diam@Proin.ca",
        "programme": "Disaster Management",
        "courses": [
            "Disaster Preparedness"
        ]
    },
    {
        "id": 82,
        "firstName": "Herrod",
        "lastName": "Adam",
        "email": "hendrerit.neque@a.co.uk",
        "programme": "Medicine",
        "courses": [
            "Anatomy",
            "Biochemistry",
            "Genetics",
            "Human Behavior."
        ]
    },
    {
        "id": 83,
        "firstName": "Yuli",
        "lastName": "Griffin",
        "email": "ipsum.non@vitae.co.uk",
        "programme": "Criminology",
        "courses": [
            "Criminal Mind",
            "Gender, Crime and Justice ",
            "Philosophy of Law "
        ]
    },
    {
        "id": 84,
        "firstName": "Chancellor",
        "lastName": "Ali",
        "email": "ultrices@Nullam.net",
        "programme": "Medicine",
        "courses": [
            "Anatomy",
            "Biochemistry",
            "Genetics",
            "Human Behavior."
        ]
    },
    {
        "id": 85,
        "firstName": "Charles",
        "lastName": "Randall",
        "email": "ipsum.porta.elit@morbitristique.net",
        "programme": "Law",
        "courses": [
            "Criminal Law",
            "Constitutional Law",
            "Property Law",
            "Contracts"
        ]
    },
    {
        "id": 86,
        "firstName": "Lucius",
        "lastName": "Gage",
        "email": "auctor.vitae.aliquet@parturient.org",
        "programme": "Disaster Management",
        "courses": [
            "Disaster Preparedness"
        ]
    },
    {
        "id": 87,
        "firstName": "Richard",
        "lastName": "Dane",
        "email": "Nulla.eget@musDonecdignissim.co.uk",
        "programme": "Mechanical Engineering",
        "courses": [
            "Machine Element Design",
            "Engineering Analysis I",
            "Calculus & Linear Algebra I "
        ]
    },
    {
        "id": 88,
        "firstName": "Addison",
        "lastName": "Jermaine",
        "email": "est.Mauris@et.co.uk",
        "programme": "Disaster Management",
        "courses": [
            "Disaster Preparedness"
        ]
    },
    {
        "id": 89,
        "firstName": "Acton",
        "lastName": "Elliott",
        "email": "sem.eget@posuerecubiliaCurae.ca",
        "programme": "Medicine",
        "courses": [
            "Anatomy",
            "Biochemistry",
            "Genetics",
            "Human Behavior."
        ]
    },
    {
        "id": 90,
        "firstName": "Channing",
        "lastName": "Howard",
        "email": "est.congue@velit.com",
        "programme": "Medicine",
        "courses": [
            "Anatomy",
            "Biochemistry",
            "Genetics",
            "Human Behavior."
        ]
    },
    {
        "id": 91,
        "firstName": "Darius",
        "lastName": "Nehru",
        "email": "risus.varius.orci@sitamet.edu",
        "programme": "Medicine",
        "courses": [
            "Anatomy",
            "Biochemistry",
            "Genetics",
            "Human Behavior."
        ]
    },
    {
        "id": 92,
        "firstName": "Walter",
        "lastName": "Arsenio",
        "email": "a.ultricies@duiFusce.edu",
        "programme": "Financial Analysis",
        "courses": [
            "Accounting",
            "Statistics"
        ]
    },
    {
        "id": 93,
        "firstName": "Dieter",
        "lastName": "Matthew",
        "email": "a@pretium.ca",
        "programme": "Mechanical Engineering",
        "courses": [
            "Machine Element Design",
            "Engineering Analysis I",
            "Calculus & Linear Algebra I "
        ]
    },
    {
        "id": 94,
        "firstName": "Evan",
        "lastName": "Yoshio",
        "email": "sapien.gravida.non@noncursus.com",
        "programme": "Financial Analysis",
        "courses": [
            "Accounting",
            "Statistics"
        ]
    },
    {
        "id": 95,
        "firstName": "Hamilton",
        "lastName": "Dennis",
        "email": "luctus.lobortis@nonbibendumsed.com",
        "programme": "Mechanical Engineering",
        "courses": [
            "Machine Element Design",
            "Engineering Analysis I",
            "Calculus & Linear Algebra I "
        ]
    },
    {
        "id": 96,
        "firstName": "Gavin",
        "lastName": "Driscoll",
        "email": "lacinia.mattis@risusDonec.net",
        "programme": "Medicine",
        "courses": [
            "Anatomy",
            "Biochemistry",
            "Genetics",
            "Human Behavior."
        ]
    },
    {
        "id": 97,
        "firstName": "Brendan",
        "lastName": "Allistair",
        "email": "Nunc.laoreet@Sed.ca",
        "programme": "Computer Science",
        "courses": [
            "Calculus",
            "Algorithms",
            "Software Development",
            "Ethics"
        ]
    },
    {
        "id": 98,
        "firstName": "Gary",
        "lastName": "Robert",
        "email": "molestie@vitaesemper.ca",
        "programme": "Computer Science",
        "courses": [
            "Calculus",
            "Algorithms",
            "Software Development",
            "Ethics"
        ]
    },
    {
        "id": 99,
        "firstName": "Fletcher",
        "lastName": "Brenden",
        "email": "semper@nequesed.co.uk",
        "programme": "Computer Science",
        "courses": [
            "Calculus",
            "Algorithms",
            "Software Development",
            "Ethics"
        ]
    },
    {
        "id": 100,
        "firstName": "Oscar",
        "lastName": "Barclay",
        "email": "non.ante.bibendum@risusDonecegestas.edu",
        "programme": "Mechanical Engineering",
        "courses": [
            "Machine Element Design",
            "Engineering Analysis I",
            "Calculus & Linear Algebra I "
        ]
    }
]
HTTP/1.1 200 
Content-Type: application/json;charset=UTF-8
Transfer-Encoding: chunked
Date: Sun, 24 Feb 2019 18:15:11 GMT

[
    {
        "id": 1,
        "firstName": "Vernon",
        "lastName": "Harper",
        "email": "egestas.rhoncus.Proin@massaQuisqueporttitor.org",
        "programme": "Financial Analysis",
        "courses": [
            "Accounting",
            "Statistics"
        ]
    },
    {
        "id": 2,
        "firstName": "Murphy",
        "lastName": "Holmes",
        "email": "faucibus.orci.luctus@Duisac.net",
        "programme": "Financial Analysis",
        "courses": [
            "Accounting",
            "Statistics"
        ]
    },
    {
        "id": 3,
        "firstName": "Reece",
        "lastName": "Jason",
        "email": "tincidunt.dui@ultricessit.co.uk",
        "programme": "Computer Science",
        "courses": [
            "Calculus",
            "Algorithms",
            "Software Development",
            "Ethics"
        ]
    },
    {
        "id": 4,
        "firstName": "Orson",
        "lastName": "Armando",
        "email": "nascetur@conguea.com",
        "programme": "Computer Science",
        "courses": [
            "Calculus",
            "Algorithms",
            "Software Development",
            "Ethics"
        ]
    },
    {
        "id": 5,
        "firstName": "Cullen",
        "lastName": "Craig",
        "email": "imperdiet.ullamcorper@nonenimMauris.co.uk",
        "programme": "Disaster Management",
        "courses": [
            "Disaster Preparedness"
        ]
    },
    {
        "id": 6,
        "firstName": "Harper",
        "lastName": "Rashad",
        "email": "vestibulum@ridiculusmus.edu",
        "programme": "Disaster Management",
        "courses": [
            "Disaster Preparedness"
        ]
    },
    {
        "id": 7,
        "firstName": "Roth",
        "lastName": "Grant",
        "email": "eu.tellus@anuncIn.edu",
        "programme": "Mechanical Engineering",
        "courses": [
            "Machine Element Design",
            "Engineering Analysis I",
            "Calculus & Linear Algebra I "
        ]
    },
    {
        "id": 8,
        "firstName": "Jermaine",
        "lastName": "Alden",
        "email": "scelerisque.sed@senectuset.org",
        "programme": "Law",
        "courses": [
            "Criminal Law",
            "Constitutional Law",
            "Property Law",
            "Contracts"
        ]
    },
    {
        "id": 9,
        "firstName": "Sebastian",
        "lastName": "Jesse",
        "email": "faucibus@sed.co.uk",
        "programme": "Medicine",
        "courses": [
            "Anatomy",
            "Biochemistry",
            "Genetics",
            "Human Behavior."
        ]
    },
    {
        "id": 10,
        "firstName": "Todd",
        "lastName": "Beck",
        "email": "Fusce.dolor.quam@commodoauctor.org",
        "programme": "Financial Analysis",
        "courses": [
            "Accounting",
            "Statistics"
        ]
    },
    {
        "id": 11,
        "firstName": "Giacomo",
        "lastName": "Raphael",
        "email": "magnis.dis@idmagnaet.com",
        "programme": "Medicine",
        "courses": [
            "Anatomy",
            "Biochemistry",
            "Genetics",
            "Human Behavior."
        ]
    },
    {
        "id": 12,
        "firstName": "Chadwick",
        "lastName": "Lawrence",
        "email": "turpis.non.enim@sociisnatoque.com",
        "programme": "Criminology",
        "courses": [
            "Criminal Mind",
            "Gender, Crime and Justice ",
            "Philosophy of Law "
        ]
    },
    {
        "id": 13,
        "firstName": "Zachary",
        "lastName": "Vance",
        "email": "In.tincidunt.congue@Quisque.com",
        "programme": "Criminology",
        "courses": [
            "Criminal Mind",
            "Gender, Crime and Justice ",
            "Philosophy of Law "
        ]
    },
    {
        "id": 14,
        "firstName": "Denton",
        "lastName": "Walker",
        "email": "Integer.sem@iaculisodioNam.edu",
        "programme": "Mechanical Engineering",
        "courses": [
            "Machine Element Design",
            "Engineering Analysis I",
            "Calculus & Linear Algebra I "
        ]
    },
    {
        "id": 15,
        "firstName": "Hakeem",
        "lastName": "Fitzgerald",
        "email": "accumsan@luctuset.edu",
        "programme": "Financial Analysis",
        "courses": [
            "Accounting",
            "Statistics"
        ]
    },
    {
        "id": 16,
        "firstName": "Jakeem",
        "lastName": "Philip",
        "email": "montes.nascetur.ridiculus@loremDonec.com",
        "programme": "Mechanical Engineering",
        "courses": [
            "Machine Element Design",
            "Engineering Analysis I",
            "Calculus & Linear Algebra I "
        ]
    },
    {
        "id": 17,
        "firstName": "Amal",
        "lastName": "Emery",
        "email": "turpis.egestas.Aliquam@fermentum.net",
        "programme": "Computer Science",
        "courses": [
            "Calculus",
            "Algorithms",
            "Software Development",
            "Ethics"
        ]
    },
    {
        "id": 18,
        "firstName": "Reed",
        "lastName": "Wylie",
        "email": "Suspendisse.aliquet.sem@atrisus.org",
        "programme": "Medicine",
        "courses": [
            "Anatomy",
            "Biochemistry",
            "Genetics",
            "Human Behavior."
        ]
    },
    {
        "id": 19,
        "firstName": "Lev",
        "lastName": "Philip",
        "email": "dolor.elit.pellentesque@enimEtiamimperdiet.ca",
        "programme": "Computer Science",
        "courses": [
            "Calculus",
            "Algorithms",
            "Software Development",
            "Ethics"
        ]
    },
    {
        "id": 20,
        "firstName": "Lamar",
        "lastName": "Berk",
        "email": "leo.Vivamus@sit.org",
        "programme": "Medicine",
        "courses": [
            "Anatomy",
            "Biochemistry",
            "Genetics",
            "Human Behavior."
        ]
    },
    {
        "id": 21,
        "firstName": "Nathaniel",
        "lastName": "Colton",
        "email": "hendrerit@et.co.uk",
        "programme": "Medicine",
        "courses": [
            "Anatomy",
            "Biochemistry",
            "Genetics",
            "Human Behavior."
        ]
    },
    {
        "id": 22,
        "firstName": "Kennan",
        "lastName": "Jacob",
        "email": "vel.vulputate@vitaedolorDonec.ca",
        "programme": "Financial Analysis",
        "courses": [
            "Accounting",
            "Statistics"
        ]
    },
    {
        "id": 23,
        "firstName": "Omar",
        "lastName": "Colt",
        "email": "venenatis.a@Pellentesque.co.uk",
        "programme": "Mechanical Engineering",
        "courses": [
            "Machine Element Design",
            "Engineering Analysis I",
            "Calculus & Linear Algebra I "
        ]
    },
    {
        "id": 24,
        "firstName": "Tanek",
        "lastName": "Scott",
        "email": "Sed.malesuada@porttitoreros.ca",
        "programme": "Criminology",
        "courses": [
            "Criminal Mind",
            "Gender, Crime and Justice ",
            "Philosophy of Law "
        ]
    },
    {
        "id": 25,
        "firstName": "Paki",
        "lastName": "Samson",
        "email": "ornare@Mauriseuturpis.edu",
        "programme": "Law",
        "courses": [
            "Criminal Law",
            "Constitutional Law",
            "Property Law",
            "Contracts"
        ]
    },
    {
        "id": 26,
        "firstName": "James",
        "lastName": "Jonah",
        "email": "Nullam@Cras.net",
        "programme": "Mechanical Engineering",
        "courses": [
            "Machine Element Design",
            "Engineering Analysis I",
            "Calculus & Linear Algebra I "
        ]
    },
    {
        "id": 27,
        "firstName": "Cade",
        "lastName": "Vernon",
        "email": "pharetra.sed@Aliquamvulputateullamcorper.ca",
        "programme": "Mechanical Engineering",
        "courses": [
            "Machine Element Design",
            "Engineering Analysis I",
            "Calculus & Linear Algebra I "
        ]
    },
    {
        "id": 28,
        "firstName": "Quentin",
        "lastName": "Chadwick",
        "email": "sed.turpis.nec@risusQuisque.ca",
        "programme": "Mechanical Engineering",
        "courses": [
            "Machine Element Design",
            "Engineering Analysis I",
            "Calculus & Linear Algebra I "
        ]
    },
    {
        "id": 29,
        "firstName": "Arden",
        "lastName": "Abel",
        "email": "consequat.enim@ultricessit.com",
        "programme": "Law",
        "courses": [
            "Criminal Law",
            "Constitutional Law",
            "Property Law",
            "Contracts"
        ]
    },
    {
        "id": 30,
        "firstName": "Lars",
        "lastName": "Keith",
        "email": "Fusce@Quisquefringillaeuismod.org",
        "programme": "Medicine",
        "courses": [
            "Anatomy",
            "Biochemistry",
            "Genetics",
            "Human Behavior."
        ]
    },
    {
        "id": 31,
        "firstName": "Emmanuel",
        "lastName": "Gavin",
        "email": "ornare.libero@perinceptoshymenaeos.co.uk",
        "programme": "Criminology",
        "courses": [
            "Criminal Mind",
            "Gender, Crime and Justice ",
            "Philosophy of Law "
        ]
    },
    {
        "id": 32,
        "firstName": "Noah",
        "lastName": "Oren",
        "email": "Proin.vel@placerat.org",
        "programme": "Law",
        "courses": [
            "Criminal Law",
            "Constitutional Law",
            "Property Law",
            "Contracts"
        ]
    },
    {
        "id": 33,
        "firstName": "Mason",
        "lastName": "Barry",
        "email": "id@incursus.co.uk",
        "programme": "Law",
        "courses": [
            "Criminal Law",
            "Constitutional Law",
            "Property Law",
            "Contracts"
        ]
    },
    {
        "id": 34,
        "firstName": "Elliott",
        "lastName": "Brady",
        "email": "Vestibulum@adlitora.net",
        "programme": "Law",
        "courses": [
            "Criminal Law",
            "Constitutional Law",
            "Property Law",
            "Contracts"
        ]
    },
    {
        "id": 35,
        "firstName": "Nero",
        "lastName": "Brett",
        "email": "amet.ante@sit.com",
        "programme": "Disaster Management",
        "courses": [
            "Disaster Preparedness"
        ]
    },
    {
        "id": 36,
        "firstName": "Elvis",
        "lastName": "Abraham",
        "email": "neque@interdumfeugiat.net",
        "programme": "Disaster Management",
        "courses": [
            "Disaster Preparedness"
        ]
    },
    {
        "id": 37,
        "firstName": "Kieran",
        "lastName": "Ross",
        "email": "magnis.dis.parturient@laciniaorci.edu",
        "programme": "Disaster Management",
        "courses": [
            "Disaster Preparedness"
        ]
    },
    {
        "id": 38,
        "firstName": "Noah",
        "lastName": "Merrill",
        "email": "et@ipsum.net",
        "programme": "Medicine",
        "courses": [
            "Anatomy",
            "Biochemistry",
            "Genetics",
            "Human Behavior."
        ]
    },
    {
        "id": 39,
        "firstName": "Peter",
        "lastName": "Noble",
        "email": "turpis@sagittisplaceratCras.ca",
        "programme": "Computer Science",
        "courses": [
            "Calculus",
            "Algorithms",
            "Software Development",
            "Ethics"
        ]
    },
    {
        "id": 40,
        "firstName": "Axel",
        "lastName": "Bradley",
        "email": "ridiculus.mus@tempus.net",
        "programme": "Mechanical Engineering",
        "courses": [
            "Machine Element Design",
            "Engineering Analysis I",
            "Calculus & Linear Algebra I "
        ]
    },
    {
        "id": 41,
        "firstName": "Hashim",
        "lastName": "Chancellor",
        "email": "at.pretium@eleifendvitae.net",
        "programme": "Medicine",
        "courses": [
            "Anatomy",
            "Biochemistry",
            "Genetics",
            "Human Behavior."
        ]
    },
    {
        "id": 42,
        "firstName": "Alan",
        "lastName": "Connor",
        "email": "vel.turpis.Aliquam@metus.org",
        "programme": "Mechanical Engineering",
        "courses": [
            "Machine Element Design",
            "Engineering Analysis I",
            "Calculus & Linear Algebra I "
        ]
    },
    {
        "id": 43,
        "firstName": "Abel",
        "lastName": "Rudyard",
        "email": "orci.luctus.et@posuere.com",
        "programme": "Computer Science",
        "courses": [
            "Calculus",
            "Algorithms",
            "Software Development",
            "Ethics"
        ]
    },
    {
        "id": 44,
        "firstName": "Cedric",
        "lastName": "Zeus",
        "email": "Quisque.tincidunt@nullaanteiaculis.co.uk",
        "programme": "Law",
        "courses": [
            "Criminal Law",
            "Constitutional Law",
            "Property Law",
            "Contracts"
        ]
    },
    {
        "id": 45,
        "firstName": "Boris",
        "lastName": "Kato",
        "email": "dictum@tortorInteger.org",
        "programme": "Medicine",
        "courses": [
            "Anatomy",
            "Biochemistry",
            "Genetics",
            "Human Behavior."
        ]
    },
    {
        "id": 46,
        "firstName": "Walter",
        "lastName": "Phelan",
        "email": "diam@nectellusNunc.edu",
        "programme": "Law",
        "courses": [
            "Criminal Law",
            "Constitutional Law",
            "Property Law",
            "Contracts"
        ]
    },
    {
        "id": 47,
        "firstName": "Preston",
        "lastName": "Branden",
        "email": "sagittis.semper@urnaNullam.net",
        "programme": "Criminology",
        "courses": [
            "Criminal Mind",
            "Gender, Crime and Justice ",
            "Philosophy of Law "
        ]
    },
    {
        "id": 48,
        "firstName": "Kane",
        "lastName": "Alec",
        "email": "dignissim.Maecenas.ornare@adui.edu",
        "programme": "Law",
        "courses": [
            "Criminal Law",
            "Constitutional Law",
            "Property Law",
            "Contracts"
        ]
    },
    {
        "id": 49,
        "firstName": "Igor",
        "lastName": "Ezra",
        "email": "cursus.non.egestas@laciniaorci.net",
        "programme": "Criminology",
        "courses": [
            "Criminal Mind",
            "Gender, Crime and Justice ",
            "Philosophy of Law "
        ]
    },
    {
        "id": 50,
        "firstName": "Yoshio",
        "lastName": "Kato",
        "email": "Vivamus.rhoncus@semutcursus.ca",
        "programme": "Disaster Management",
        "courses": [
            "Disaster Preparedness"
        ]
    },
    {
        "id": 51,
        "firstName": "Fletcher",
        "lastName": "Vance",
        "email": "orci.lacus@hendreritDonecporttitor.net",
        "programme": "Computer Science",
        "courses": [
            "Calculus",
            "Algorithms",
            "Software Development",
            "Ethics"
        ]
    },
    {
        "id": 52,
        "firstName": "Burton",
        "lastName": "Merrill",
        "email": "mauris@malesuada.ca",
        "programme": "Law",
        "courses": [
            "Criminal Law",
            "Constitutional Law",
            "Property Law",
            "Contracts"
        ]
    },
    {
        "id": 53,
        "firstName": "Rafael",
        "lastName": "Vladimir",
        "email": "mauris.ipsum.porta@sit.ca",
        "programme": "Law",
        "courses": [
            "Criminal Law",
            "Constitutional Law",
            "Property Law",
            "Contracts"
        ]
    },
    {
        "id": 54,
        "firstName": "Dolan",
        "lastName": "Hyatt",
        "email": "augue.malesuada@Pellentesqueut.net",
        "programme": "Computer Science",
        "courses": [
            "Calculus",
            "Algorithms",
            "Software Development",
            "Ethics"
        ]
    },
    {
        "id": 55,
        "firstName": "Driscoll",
        "lastName": "Russell",
        "email": "Lorem.ipsum.dolor@eu.co.uk",
        "programme": "Computer Science",
        "courses": [
            "Calculus",
            "Algorithms",
            "Software Development",
            "Ethics"
        ]
    },
    {
        "id": 56,
        "firstName": "Boris",
        "lastName": "Dexter",
        "email": "purus@mollis.co.uk",
        "programme": "Law",
        "courses": [
            "Criminal Law",
            "Constitutional Law",
            "Property Law",
            "Contracts"
        ]
    },
    {
        "id": 57,
        "firstName": "Maxwell",
        "lastName": "Tarik",
        "email": "pharetra.Quisque.ac@facilisisSuspendisse.edu",
        "programme": "Criminology",
        "courses": [
            "Criminal Mind",
            "Gender, Crime and Justice ",
            "Philosophy of Law "
        ]
    },
    {
        "id": 58,
        "firstName": "Nero",
        "lastName": "Ulysses",
        "email": "inceptos.hymenaeos.Mauris@Proin.edu",
        "programme": "Financial Analysis",
        "courses": [
            "Accounting",
            "Statistics"
        ]
    },
    {
        "id": 59,
        "firstName": "Chase",
        "lastName": "Laith",
        "email": "ridiculus.mus.Donec@netus.org",
        "programme": "Mechanical Engineering",
        "courses": [
            "Machine Element Design",
            "Engineering Analysis I",
            "Calculus & Linear Algebra I "
        ]
    },
    {
        "id": 60,
        "firstName": "Dominic",
        "lastName": "Malcolm",
        "email": "mi.felis.adipiscing@liberoettristique.edu",
        "programme": "Criminology",
        "courses": [
            "Criminal Mind",
            "Gender, Crime and Justice ",
            "Philosophy of Law "
        ]
    },
    {
        "id": 61,
        "firstName": "Ross",
        "lastName": "Hedley",
        "email": "Ut.tincidunt.vehicula@nuncidenim.edu",
        "programme": "Criminology",
        "courses": [
            "Criminal Mind",
            "Gender, Crime and Justice ",
            "Philosophy of Law "
        ]
    },
    {
        "id": 62,
        "firstName": "Abel",
        "lastName": "Garrett",
        "email": "rhoncus@sociisnatoquepenatibus.ca",
        "programme": "Financial Analysis",
        "courses": [
            "Accounting",
            "Statistics"
        ]
    },
    {
        "id": 63,
        "firstName": "Nero",
        "lastName": "Clarke",
        "email": "eget.metus.In@disparturientmontes.org",
        "programme": "Computer Science",
        "courses": [
            "Calculus",
            "Algorithms",
            "Software Development",
            "Ethics"
        ]
    },
    {
        "id": 64,
        "firstName": "Thane",
        "lastName": "Carl",
        "email": "ut.nulla@netuset.co.uk",
        "programme": "Criminology",
        "courses": [
            "Criminal Mind",
            "Gender, Crime and Justice ",
            "Philosophy of Law "
        ]
    },
    {
        "id": 65,
        "firstName": "Jerome",
        "lastName": "Jackson",
        "email": "ac.turpis@facilisislorem.net",
        "programme": "Computer Science",
        "courses": [
            "Calculus",
            "Algorithms",
            "Software Development",
            "Ethics"
        ]
    },
    {
        "id": 66,
        "firstName": "Tate",
        "lastName": "Martin",
        "email": "ante.blandit@semeget.org",
        "programme": "Law",
        "courses": [
            "Criminal Law",
            "Constitutional Law",
            "Property Law",
            "Contracts"
        ]
    },
    {
        "id": 67,
        "firstName": "Caldwell",
        "lastName": "Daniel",
        "email": "lobortis@nequevenenatislacus.net",
        "programme": "Medicine",
        "courses": [
            "Anatomy",
            "Biochemistry",
            "Genetics",
            "Human Behavior."
        ]
    },
    {
        "id": 68,
        "firstName": "Lucian",
        "lastName": "Holmes",
        "email": "Cras@lorem.org",
        "programme": "Medicine",
        "courses": [
            "Anatomy",
            "Biochemistry",
            "Genetics",
            "Human Behavior."
        ]
    },
    {
        "id": 69,
        "firstName": "Akeem",
        "lastName": "Herrod",
        "email": "vel.venenatis@Nullamvelit.com",
        "programme": "Disaster Management",
        "courses": [
            "Disaster Preparedness"
        ]
    },
    {
        "id": 70,
        "firstName": "Vance",
        "lastName": "Colin",
        "email": "quam.vel.sapien@vellectusCum.org",
        "programme": "Disaster Management",
        "courses": [
            "Disaster Preparedness"
        ]
    },
    {
        "id": 71,
        "firstName": "Austin",
        "lastName": "Jelani",
        "email": "Nulla@nuncid.net",
        "programme": "Medicine",
        "courses": [
            "Anatomy",
            "Biochemistry",
            "Genetics",
            "Human Behavior."
        ]
    },
    {
        "id": 72,
        "firstName": "Jackson",
        "lastName": "Honorato",
        "email": "In@vestibulumlorem.com",
        "programme": "Criminology",
        "courses": [
            "Criminal Mind",
            "Gender, Crime and Justice ",
            "Philosophy of Law "
        ]
    },
    {
        "id": 73,
        "firstName": "Lee",
        "lastName": "Acton",
        "email": "rutrum@mattis.org",
        "programme": "Mechanical Engineering",
        "courses": [
            "Machine Element Design",
            "Engineering Analysis I",
            "Calculus & Linear Algebra I "
        ]
    },
    {
        "id": 74,
        "firstName": "Aquila",
        "lastName": "Sylvester",
        "email": "Aliquam.ultrices.iaculis@duiquisaccumsan.co.uk",
        "programme": "Criminology",
        "courses": [
            "Criminal Mind",
            "Gender, Crime and Justice ",
            "Philosophy of Law "
        ]
    },
    {
        "id": 75,
        "firstName": "Baker",
        "lastName": "Cairo",
        "email": "fermentum@diam.com",
        "programme": "Financial Analysis",
        "courses": [
            "Accounting",
            "Statistics"
        ]
    },
    {
        "id": 76,
        "firstName": "Samuel",
        "lastName": "Kibo",
        "email": "semper@enimcommodohendrerit.co.uk",
        "programme": "Criminology",
        "courses": [
            "Criminal Mind",
            "Gender, Crime and Justice ",
            "Philosophy of Law "
        ]
    },
    {
        "id": 77,
        "firstName": "Byron",
        "lastName": "Warren",
        "email": "enim.Etiam.imperdiet@sitamet.ca",
        "programme": "Mechanical Engineering",
        "courses": [
            "Machine Element Design",
            "Engineering Analysis I",
            "Calculus & Linear Algebra I "
        ]
    },
    {
        "id": 78,
        "firstName": "Declan",
        "lastName": "Barclay",
        "email": "Proin.nisl.sem@Aliquamnecenim.org",
        "programme": "Mechanical Engineering",
        "courses": [
            "Machine Element Design",
            "Engineering Analysis I",
            "Calculus & Linear Algebra I "
        ]
    },
    {
        "id": 79,
        "firstName": "Robert",
        "lastName": "Cullen",
        "email": "in.dolor@pede.co.uk",
        "programme": "Disaster Management",
        "courses": [
            "Disaster Preparedness"
        ]
    },
    {
        "id": 80,
        "firstName": "Troy",
        "lastName": "Simon",
        "email": "Cras.vulputate.velit@ornare.org",
        "programme": "Criminology",
        "courses": [
            "Criminal Mind",
            "Gender, Crime and Justice ",
            "Philosophy of Law "
        ]
    },
    {
        "id": 81,
        "firstName": "Tiger",
        "lastName": "Wylie",
        "email": "risus.quis.diam@Proin.ca",
        "programme": "Disaster Management",
        "courses": [
            "Disaster Preparedness"
        ]
    },
    {
        "id": 82,
        "firstName": "Herrod",
        "lastName": "Adam",
        "email": "hendrerit.neque@a.co.uk",
        "programme": "Medicine",
        "courses": [
            "Anatomy",
            "Biochemistry",
            "Genetics",
            "Human Behavior."
        ]
    },
    {
        "id": 83,
        "firstName": "Yuli",
        "lastName": "Griffin",
        "email": "ipsum.non@vitae.co.uk",
        "programme": "Criminology",
        "courses": [
            "Criminal Mind",
            "Gender, Crime and Justice ",
            "Philosophy of Law "
        ]
    },
    {
        "id": 84,
        "firstName": "Chancellor",
        "lastName": "Ali",
        "email": "ultrices@Nullam.net",
        "programme": "Medicine",
        "courses": [
            "Anatomy",
            "Biochemistry",
            "Genetics",
            "Human Behavior."
        ]
    },
    {
        "id": 85,
        "firstName": "Charles",
        "lastName": "Randall",
        "email": "ipsum.porta.elit@morbitristique.net",
        "programme": "Law",
        "courses": [
            "Criminal Law",
            "Constitutional Law",
            "Property Law",
            "Contracts"
        ]
    },
    {
        "id": 86,
        "firstName": "Lucius",
        "lastName": "Gage",
        "email": "auctor.vitae.aliquet@parturient.org",
        "programme": "Disaster Management",
        "courses": [
            "Disaster Preparedness"
        ]
    },
    {
        "id": 87,
        "firstName": "Richard",
        "lastName": "Dane",
        "email": "Nulla.eget@musDonecdignissim.co.uk",
        "programme": "Mechanical Engineering",
        "courses": [
            "Machine Element Design",
            "Engineering Analysis I",
            "Calculus & Linear Algebra I "
        ]
    },
    {
        "id": 88,
        "firstName": "Addison",
        "lastName": "Jermaine",
        "email": "est.Mauris@et.co.uk",
        "programme": "Disaster Management",
        "courses": [
            "Disaster Preparedness"
        ]
    },
    {
        "id": 89,
        "firstName": "Acton",
        "lastName": "Elliott",
        "email": "sem.eget@posuerecubiliaCurae.ca",
        "programme": "Medicine",
        "courses": [
            "Anatomy",
            "Biochemistry",
            "Genetics",
            "Human Behavior."
        ]
    },
    {
        "id": 90,
        "firstName": "Channing",
        "lastName": "Howard",
        "email": "est.congue@velit.com",
        "programme": "Medicine",
        "courses": [
            "Anatomy",
            "Biochemistry",
            "Genetics",
            "Human Behavior."
        ]
    },
    {
        "id": 91,
        "firstName": "Darius",
        "lastName": "Nehru",
        "email": "risus.varius.orci@sitamet.edu",
        "programme": "Medicine",
        "courses": [
            "Anatomy",
            "Biochemistry",
            "Genetics",
            "Human Behavior."
        ]
    },
    {
        "id": 92,
        "firstName": "Walter",
        "lastName": "Arsenio",
        "email": "a.ultricies@duiFusce.edu",
        "programme": "Financial Analysis",
        "courses": [
            "Accounting",
            "Statistics"
        ]
    },
    {
        "id": 93,
        "firstName": "Dieter",
        "lastName": "Matthew",
        "email": "a@pretium.ca",
        "programme": "Mechanical Engineering",
        "courses": [
            "Machine Element Design",
            "Engineering Analysis I",
            "Calculus & Linear Algebra I "
        ]
    },
    {
        "id": 94,
        "firstName": "Evan",
        "lastName": "Yoshio",
        "email": "sapien.gravida.non@noncursus.com",
        "programme": "Financial Analysis",
        "courses": [
            "Accounting",
            "Statistics"
        ]
    },
    {
        "id": 95,
        "firstName": "Hamilton",
        "lastName": "Dennis",
        "email": "luctus.lobortis@nonbibendumsed.com",
        "programme": "Mechanical Engineering",
        "courses": [
            "Machine Element Design",
            "Engineering Analysis I",
            "Calculus & Linear Algebra I "
        ]
    },
    {
        "id": 96,
        "firstName": "Gavin",
        "lastName": "Driscoll",
        "email": "lacinia.mattis@risusDonec.net",
        "programme": "Medicine",
        "courses": [
            "Anatomy",
            "Biochemistry",
            "Genetics",
            "Human Behavior."
        ]
    },
    {
        "id": 97,
        "firstName": "Brendan",
        "lastName": "Allistair",
        "email": "Nunc.laoreet@Sed.ca",
        "programme": "Computer Science",
        "courses": [
            "Calculus",
            "Algorithms",
            "Software Development",
            "Ethics"
        ]
    },
    {
        "id": 98,
        "firstName": "Gary",
        "lastName": "Robert",
        "email": "molestie@vitaesemper.ca",
        "programme": "Computer Science",
        "courses": [
            "Calculus",
            "Algorithms",
            "Software Development",
            "Ethics"
        ]
    },
    {
        "id": 99,
        "firstName": "Fletcher",
        "lastName": "Brenden",
        "email": "semper@nequesed.co.uk",
        "programme": "Computer Science",
        "courses": [
            "Calculus",
            "Algorithms",
            "Software Development",
            "Ethics"
        ]
    },
    {
        "id": 100,
        "firstName": "Oscar",
        "lastName": "Barclay",
        "email": "non.ante.bibendum@risusDonecegestas.edu",
        "programme": "Mechanical Engineering",
        "courses": [
            "Machine Element Design",
            "Engineering Analysis I",
            "Calculus & Linear Algebra I "
        ]
    }
]
]]></system-out>
  <system-err><![CDATA[[Test worker] INFO net.thucydides.core.steps.ConsoleLoggingListener - Test Suite Started: First serenity test
[Test worker] INFO net.thucydides.core.steps.ConsoleLoggingListener - 
 _____ _____ ____ _____   ____ _____  _    ____ _____ _____ ____  
|_   _| ____/ ___|_   _| / ___|_   _|/ \  |  _ \_   _| ____|  _ \ 
  | | |  _| \___ \ | |   \___ \ | | / _ \ | |_) || | |  _| | | | |
  | | | |___ ___) || |    ___) || |/ ___ \|  _ < | | | |___| |_| |
  |_| |_____|____/ |_|   |____/ |_/_/   \_\_| \_\|_| |_____|____/ 
                                                                  

TEST STARTED: thisIsAFailingTest
-------------------------------------------------------------------
[Test worker] INFO net.serenitybdd.core.Serenity - TEST NUMBER: 8
[Test worker] ERROR net.thucydides.core.steps.ConsoleLoggingListener - 
           __  _____ _____ ____ _____   _____ _    ___ _     _____ ____  
  _       / / |_   _| ____/ ___|_   _| |  ___/ \  |_ _| |   | ____|  _ \ 
 (_)_____| |    | | |  _| \___ \ | |   | |_ / _ \  | || |   |  _| | | | |
  _|_____| |    | | | |___ ___) || |   |  _/ ___ \ | || |___| |___| |_| |
 (_)     | |    |_| |_____|____/ |_|   |_|/_/   \_\___|_____|_____|____/ 
          \_\                                                            

TEST FAILED: This is a failing test
--------------------------------------------------------------------------
[Test worker] ERROR net.thucydides.core.steps.ConsoleLoggingListener - 1 expectation failed.Expected status code <500> but was <200>.
[Test worker] INFO net.thucydides.core.steps.ConsoleLoggingListener - 
 _____ _____ ____ _____   ____ _____  _    ____ _____ _____ ____  
|_   _| ____/ ___|_   _| / ___|_   _|/ \  |  _ \_   _| ____|  _ \ 
  | | |  _| \___ \ | |   \___ \ | | / _ \ | |_) || | |  _| | | | |
  | | | |___ ___) || |    ___) || |/ ___ \|  _ < | | | |___| |_| |
  |_| |_____|____/ |_|   |____/ |_/_/   \_\_| \_\|_| |_____|____/ 
                                                                  

TEST STARTED: thisIsAPendingTest
-------------------------------------------------------------------
[Test worker] INFO net.serenitybdd.core.Serenity - TEST NUMBER: 9
[Test worker] INFO net.thucydides.core.steps.ConsoleLoggingListener - TEST PENDING
[Test worker] INFO net.thucydides.core.steps.ConsoleLoggingListener - 
          __  _____ _____ ____ _____   ____  _____ _   _ ____ ___ _   _  ____ 
 _       / / |_   _| ____/ ___|_   _| |  _ \| ____| \ | |  _ \_ _| \ | |/ ___|
(_)____ / /    | | |  _| \___ \ | |   | |_) |  _| |  \| | | | | ||  \| | |  _ 
 |_____/ /     | | | |___ ___) || |   |  __/| |___| |\  | |_| | || |\  | |_| |
(_)   /_/      |_| |_____|____/ |_|   |_|   |_____|_| \_|____/___|_| \_|\____|
                                                                                

TEST PENDING: This is a pending test
---------------------------------------------------------------------------------
[Test worker] INFO net.thucydides.core.steps.ConsoleLoggingListener - 
 _____ _____ ____ _____   ____ _____  _    ____ _____ _____ ____  
|_   _| ____/ ___|_   _| / ___|_   _|/ \  |  _ \_   _| ____|  _ \ 
  | | |  _| \___ \ | |   \___ \ | | / _ \ | |_) || | |  _| | | | |
  | | | |___ ___) || |    ___) || |/ ___ \|  _ < | | | |___| |_| |
  |_| |_____|____/ |_|   |____/ |_/_/   \_\_| \_\|_| |_____|____/ 
                                                                  

TEST STARTED: thisIsAManualTest
-------------------------------------------------------------------
[Test worker] INFO net.serenitybdd.core.Serenity - TEST NUMBER: 10
[Test worker] INFO net.thucydides.core.steps.ConsoleLoggingListener - TEST MANUAL
[Test worker] INFO net.thucydides.core.steps.ConsoleLoggingListener - TEST PENDING
[Test worker] INFO net.thucydides.core.steps.ConsoleLoggingListener - 
 _____ _____ ____ _____   ____ _____  _    ____ _____ _____ ____  
|_   _| ____/ ___|_   _| / ___|_   _|/ \  |  _ \_   _| ____|  _ \ 
  | | |  _| \___ \ | |   \___ \ | | / _ \ | |_) || | |  _| | | | |
  | | | |___ ___) || |    ___) || |/ ___ \|  _ < | | | |___| |_| |
  |_| |_____|____/ |_|   |____/ |_/_/   \_\_| \_\|_| |_____|____/ 
                                                                  

TEST STARTED: thisIsATestWithError
-------------------------------------------------------------------
[Test worker] INFO net.serenitybdd.core.Serenity - TEST NUMBER: 11
[Test worker] ERROR net.thucydides.core.steps.ConsoleLoggingListener - 
           __  _____ _____ ____ _____   _____ _    ___ _     _____ ____  
  _       / / |_   _| ____/ ___|_   _| |  ___/ \  |_ _| |   | ____|  _ \ 
 (_)_____| |    | | |  _| \___ \ | |   | |_ / _ \  | || |   |  _| | | | |
  _|_____| |    | | | |___ ___) || |   |  _/ ___ \ | || |___| |___| |_| |
 (_)     | |    |_| |_____|____/ |_|   |_|/_/   \_\___|_____|_____|____/ 
          \_\                                                            

TEST FAILED WITH ERROR: This is a test with error
---------------------------------------------------------------------
[Test worker] ERROR net.thucydides.core.steps.ConsoleLoggingListener - / by zero
[Test worker] INFO net.thucydides.core.steps.ConsoleLoggingListener - 
 _____ _____ ____ _____   ____ _____  _    ____ _____ _____ ____  
|_   _| ____/ ___|_   _| / ___|_   _|/ \  |  _ \_   _| ____|  _ \ 
  | | |  _| \___ \ | |   \___ \ | | / _ \ | |_) || | |  _| | | | |
  | | | |___ ___) || |    ___) || |/ ___ \|  _ < | | | |___| |_| |
  |_| |_____|____/ |_|   |____/ |_/_/   \_\_| \_\|_| |_____|____/ 
                                                                  

TEST STARTED: fileDoesNotExist
-------------------------------------------------------------------
[Test worker] INFO net.serenitybdd.core.Serenity - TEST NUMBER: 12
[Test worker] ERROR net.thucydides.core.steps.ConsoleLoggingListener - 
         __  _____ _____ ____ _____ 
 _      / / |_   _| ____/ ___|_   _|
(_)____| |    | | |  _| \___ \ | |  
 |_____| |    | | | |___ ___) || |  
(_)    | |    |_| |_____|____/ |_|  
        \_\                         
  ____ ___  __  __ ____  ____   ___  __  __ ___ ____  _____ ____  
 / ___/ _ \|  \/  |  _ \|  _ \ / _ \|  \/  |_ _/ ___|| ____|  _ \ 
| |  | | | | |\/| | |_) | |_) | | | | |\/| || |\___ \|  _| | | | |
| |__| |_| | |  | |  __/|  _ <| |_| | |  | || | ___) | |___| |_| |
 \____\___/|_|  |_|_|   |_| \_\\___/|_|  |_|___|____/|_____|____/

TEST COMPROMISED: File does not exist
-------------------------------------
[Test worker] ERROR net.thucydides.core.steps.ConsoleLoggingListener - E:\Ruby.text (The system cannot find the path specified)
[Test worker] INFO net.thucydides.core.steps.ConsoleLoggingListener - 
 _____ _____ ____ _____   ____ _____  _    ____ _____ _____ ____  
|_   _| ____/ ___|_   _| / ___|_   _|/ \  |  _ \_   _| ____|  _ \ 
  | | |  _| \___ \ | |   \___ \ | | / _ \ | |_) || | |  _| | | | |
  | | | |___ ___) || |    ___) || |/ ___ \|  _ < | | | |___| |_| |
  |_| |_____|____/ |_|   |____/ |_/_/   \_\_| \_\|_| |_____|____/ 
                                                                  

TEST STARTED: thisIsAnIgnoredTest
-------------------------------------------------------------------
[Test worker] INFO net.serenitybdd.core.Serenity - TEST NUMBER: 13
[Test worker] INFO net.thucydides.core.steps.ConsoleLoggingListener - TEST IGNORED
[Test worker] INFO net.thucydides.core.steps.ConsoleLoggingListener - 
            __  _____ _____ ____ _____   ____  _  _____ ____  ____  _____ ____  
  _        / / |_   _| ____/ ___|_   _| / ___|| |/ /_ _|  _ \|  _ \| ____|  _ \ 
 (_)_____ / /    | | |  _| \___ \ | |   \___ \| ' / | || |_) | |_) |  _| | | | |
  _|_____/ /     | | | |___ ___) || |    ___) | . \ | ||  __/|  __/| |___| |_| |
 (_)    /_/      |_| |_____|____/ |_|   |____/|_|\_\___|_|   |_|   |_____|____/ 
                                                                                

TEST SKIPPED: This is an ignored test
---------------------------------------------------------------------------------
[Test worker] INFO net.thucydides.core.steps.ConsoleLoggingListener - 
 _____ _____ ____ _____   ____ _____  _    ____ _____ _____ ____  
|_   _| ____/ ___|_   _| / ___|_   _|/ \  |  _ \_   _| ____|  _ \ 
  | | |  _| \___ \ | |   \___ \ | | / _ \ | |_) || | |  _| | | | |
  | | | |___ ___) || |    ___) || |/ ___ \|  _ < | | | |___| |_| |
  |_| |_____|____/ |_|   |____/ |_/_/   \_\_| \_\|_| |_____|____/ 
                                                                  

TEST STARTED: getAllStudents
-------------------------------------------------------------------
[Test worker] INFO net.serenitybdd.core.Serenity - TEST NUMBER: 14
[Test worker] INFO net.thucydides.core.steps.ConsoleLoggingListener - 
        __    _____ _____ ____ _____   ____   _    ____  ____  _____ ____  
  _     \ \  |_   _| ____/ ___|_   _| |  _ \ / \  / ___|/ ___|| ____|  _ \ 
 (_)_____| |   | | |  _| \___ \ | |   | |_) / _ \ \___ \\___ \|  _| | | | |
  _|_____| |   | | | |___ ___) || |   |  __/ ___ \ ___) |___) | |___| |_| |
 (_)     | |   |_| |_____|____/ |_|   |_| /_/   \_\____/|____/|_____|____/ 
        /_/                                                                

TEST PASSED: This test will get the information of all students from the Student App
----------------------------------------------------------------------------
]]></system-err>
</testsuite>
